<?xml version="1.0" encoding="UTF-8"?>
<!-- Generated by org.testng.reporters.JUnitXMLReporter -->
<testsuite hostname="DESKTOP-O809NUD" ignored="0" name="smoke test" tests="4" failures="0" timestamp="01 Mar 2017 20:13:14 GMT" time="13.261" errors="0">
  <testcase name="cardPayment" time="0.015" classname="framework.PriorityAnnotation"/>
  <testcase name="flightBooking" time="13.221" classname="framework.PriorityAnnotation"/>
  <testcase name="invokeBrowser" time="0.004" classname="framework.PriorityAnnotation"/>
  <testcase name="payment" time="0.0" classname="framework.PriorityAnnotation"/>
</testsuite> <!-- smoke test -->
